[1214/165224.031:ERROR:process_memory_win.cc(73)] ReadMemory at 0x7ff6bb0c0000 of 64 bytes failed: ReadProcessMemory 또는 WriteProcessMemory의 일부 작업만을 마쳤습니다. (0x12B)
[1214/165224.033:WARNING:pe_image_reader.cc(340)] could not read dos header from C:\Program Files (x86)\Google\Chrome\Application\chrome.exe
[1214/165224.033:ERROR:process_memory_win.cc(73)] ReadMemory at 0x7ffdfe880000 of 64 bytes failed: ReadProcessMemory 또는 WriteProcessMemory의 일부 작업만을 마쳤습니다. (0x12B)
[1214/165224.033:WARNING:pe_image_reader.cc(340)] could not read dos header from C:\WINDOWS\SYSTEM32\ntdll.dll
[1214/165224.033:ERROR:process_memory_win.cc(73)] ReadMemory at 0x7ffdfe4e0000 of 64 bytes failed: ReadProcessMemory 또는 WriteProcessMemory의 일부 작업만을 마쳤습니다. (0x12B)
[1214/165224.033:WARNING:pe_image_reader.cc(340)] could not read dos header from C:\WINDOWS\System32\KERNEL32.DLL
[1214/165224.033:ERROR:process_memory_win.cc(73)] ReadMemory at 0x7ffdfb860000 of 64 bytes failed: ReadProcessMemory 또는 WriteProcessMemory의 일부 작업만을 마쳤습니다. (0x12B)
[1214/165224.033:WARNING:pe_image_reader.cc(340)] could not read dos header from C:\WINDOWS\System32\KERNELBASE.dll
[1214/165224.033:ERROR:process_memory_win.cc(73)] ReadMemory at 0x7ffdf5fc0000 of 64 bytes failed: ReadProcessMemory 또는 WriteProcessMemory의 일부 작업만을 마쳤습니다. (0x12B)
[1214/165224.033:WARNING:pe_image_reader.cc(340)] could not read dos header from C:\WINDOWS\SYSTEM32\apphelp.dll
[1214/165224.033:ERROR:process_memory_win.cc(73)] ReadMemory at 0x7ffde2320000 of 64 bytes failed: ReadProcessMemory 또는 WriteProcessMemory의 일부 작업만을 마쳤습니다. (0x12B)
[1214/165224.033:WARNING:pe_image_reader.cc(340)] could not read dos header from C:\Program Files (x86)\Google\Chrome\Application\79.0.3945.79\chrome_elf.dll
[1214/165224.033:ERROR:process_memory_win.cc(73)] ReadMemory at 0x7ffdf4280000 of 64 bytes failed: ReadProcessMemory 또는 WriteProcessMemory의 일부 작업만을 마쳤습니다. (0x12B)
[1214/165224.033:WARNING:pe_image_reader.cc(340)] could not read dos header from C:\WINDOWS\SYSTEM32\VERSION.dll
[1214/165224.033:ERROR:process_memory_win.cc(73)] ReadMemory at 0x7ffdfdce0000 of 64 bytes failed: ReadProcessMemory 또는 WriteProcessMemory의 일부 작업만을 마쳤습니다. (0x12B)
[1214/165224.033:WARNING:pe_image_reader.cc(340)] could not read dos header from C:\WINDOWS\System32\msvcrt.dll
[1214/165224.034:ERROR:process_memory_win.cc(73)] ReadMemory at 0x7ffdfbb10000 of 64 bytes failed: ReadProcessMemory 또는 WriteProcessMemory의 일부 작업만을 마쳤습니다. (0x12B)
[1214/165224.034:WARNING:pe_image_reader.cc(340)] could not read dos header from C:\WINDOWS\System32\bcryptPrimitives.dll
[1214/165224.034:ERROR:process_memory_win.cc(73)] ReadMemory at 0x7ffdfd0e0000 of 64 bytes failed: ReadProcessMemory 또는 WriteProcessMemory의 일부 작업만을 마쳤습니다. (0x12B)
[1214/165224.034:WARNING:pe_image_reader.cc(340)] could not read dos header from C:\WINDOWS\System32\ADVAPI32.dll
[1214/165224.034:ERROR:process_memory_win.cc(73)] ReadMemory at 0x7ffdfd7d0000 of 64 bytes failed: ReadProcessMemory 또는 WriteProcessMemory의 일부 작업만을 마쳤습니다. (0x12B)
[1214/165224.034:WARNING:pe_image_reader.cc(340)] could not read dos header from C:\WINDOWS\System32\sechost.dll
[1214/165224.034:ERROR:process_memory_win.cc(73)] ReadMemory at 0x7ffdfdb10000 of 64 bytes failed: ReadProcessMemory 또는 WriteProcessMemory의 일부 작업만을 마쳤습니다. (0x12B)
[1214/165224.034:WARNING:pe_image_reader.cc(340)] could not read dos header from C:\WINDOWS\System32\RPCRT4.dll
[1214/165224.034:ERROR:process_memory_win.cc(73)] ReadMemory at 0x7ffdb7290000 of 64 bytes failed: ReadProcessMemory 또는 WriteProcessMemory의 일부 작업만을 마쳤습니다. (0x12B)
[1214/165224.034:WARNING:pe_image_reader.cc(340)] could not read dos header from C:\Program Files (x86)\Google\Chrome\Application\79.0.3945.79\chrome_child.dll
[1214/165224.034:ERROR:process_memory_win.cc(73)] ReadMemory at 0x7ffdfd870000 of 64 bytes failed: ReadProcessMemory 또는 WriteProcessMemory의 일부 작업만을 마쳤습니다. (0x12B)
[1214/165224.034:WARNING:pe_image_reader.cc(340)] could not read dos header from C:\WINDOWS\System32\OLEAUT32.dll
[1214/165224.034:ERROR:process_memory_win.cc(73)] ReadMemory at 0x7ffdfbd20000 of 64 bytes failed: ReadProcessMemory 또는 WriteProcessMemory의 일부 작업만을 마쳤습니다. (0x12B)
[1214/165224.034:WARNING:pe_image_reader.cc(340)] could not read dos header from C:\WINDOWS\System32\msvcp_win.dll
[1214/165224.034:ERROR:process_memory_win.cc(73)] ReadMemory at 0x7ffdfbdc0000 of 64 bytes failed: ReadProcessMemory 또는 WriteProcessMemory의 일부 작업만을 마쳤습니다. (0x12B)
[1214/165224.034:WARNING:pe_image_reader.cc(340)] could not read dos header from C:\WINDOWS\System32\ucrtbase.dll
[1214/165224.034:ERROR:process_memory_win.cc(73)] ReadMemory at 0x7ffdfdfe0000 of 64 bytes failed: ReadProcessMemory 또는 WriteProcessMemory의 일부 작업만을 마쳤습니다. (0x12B)
[1214/165224.034:WARNING:pe_image_reader.cc(340)] could not read dos header from C:\WINDOWS\System32\combase.dll
[1214/165224.034:ERROR:process_memory_win.cc(73)] ReadMemory at 0x7ffdfe770000 of 64 bytes failed: ReadProcessMemory 또는 WriteProcessMemory의 일부 작업만을 마쳤습니다. (0x12B)
[1214/165224.034:WARNING:pe_image_reader.cc(340)] could not read dos header from C:\WINDOWS\System32\WS2_32.dll
[1214/165224.034:ERROR:process_memory_win.cc(73)] ReadMemory at 0x7ffdfbca0000 of 64 bytes failed: ReadProcessMemory 또는 WriteProcessMemory의 일부 작업만을 마쳤습니다. (0x12B)
[1214/165224.034:WARNING:pe_image_reader.cc(340)] could not read dos header from C:\WINDOWS\System32\WINTRUST.dll
[1214/165224.034:ERROR:process_memory_win.cc(73)] ReadMemory at 0x7ffdfb760000 of 64 bytes failed: ReadProcessMemory 또는 WriteProcessMemory의 일부 작업만을 마쳤습니다. (0x12B)
[1214/165224.034:WARNING:pe_image_reader.cc(340)] could not read dos header from C:\WINDOWS\System32\MSASN1.dll
[1214/165224.034:ERROR:process_memory_win.cc(73)] ReadMemory at 0x7ffdfbec0000 of 64 bytes failed: ReadProcessMemory 또는 WriteProcessMemory의 일부 작업만을 마쳤습니다. (0x12B)
[1214/165224.034:WARNING:pe_image_reader.cc(340)] could not read dos header from C:\WINDOWS\System32\CRYPT32.dll
[1214/165224.035:ERROR:process_memory_win.cc(73)] ReadMemory at 0x7ffdfac70000 of 64 bytes failed: ReadProcessMemory 또는 WriteProcessMemory의 일부 작업만을 마쳤습니다. (0x12B)
[1214/165224.035:WARNING:pe_image_reader.cc(340)] could not read dos header from C:\WINDOWS\SYSTEM32\IPHLPAPI.DLL
[1214/165224.035:ERROR:process_memory_win.cc(73)] ReadMemory at 0x7ffdeae20000 of 64 bytes failed: ReadProcessMemory 또는 WriteProcessMemory의 일부 작업만을 마쳤습니다. (0x12B)
[1214/165224.035:WARNING:pe_image_reader.cc(340)] could not read dos header from C:\WINDOWS\SYSTEM32\WINMM.dll
[1214/165224.035:ERROR:process_memory_win.cc(73)] ReadMemory at 0x7ffdfb670000 of 64 bytes failed: ReadProcessMemory 또는 WriteProcessMemory의 일부 작업만을 마쳤습니다. (0x12B)
[1214/165224.035:WARNING:pe_image_reader.cc(340)] could not read dos header from C:\WINDOWS\SYSTEM32\USERENV.dll
[1214/165224.035:ERROR:process_memory_win.cc(73)] ReadMemory at 0x7ffdfb780000 of 64 bytes failed: ReadProcessMemory 또는 WriteProcessMemory의 일부 작업만을 마쳤습니다. (0x12B)
[1214/165224.035:WARNING:pe_image_reader.cc(340)] could not read dos header from C:\WINDOWS\System32\profapi.dll
[1214/165224.035:ERROR:process_memory_win.cc(73)] ReadMemory at 0x7ffde1620000 of 64 bytes failed: ReadProcessMemory 또는 WriteProcessMemory의 일부 작업만을 마쳤습니다. (0x12B)
[1214/165224.035:WARNING:pe_image_reader.cc(340)] could not read dos header from C:\WINDOWS\SYSTEM32\DWrite.dll
[1214/165224.035:ERROR:process_memory_win.cc(73)] ReadMemory at 0x7ffdec520000 of 64 bytes failed: ReadProcessMemory 또는 WriteProcessMemory의 일부 작업만을 마쳤습니다. (0x12B)
[1214/165224.035:WARNING:pe_image_reader.cc(340)] could not read dos header from C:\WINDOWS\SYSTEM32\WINSPOOL.DRV
[1214/165224.035:ERROR:process_memory_win.cc(73)] ReadMemory at 0x7ffdfb7f0000 of 64 bytes failed: ReadProcessMemory 또는 WriteProcessMemory의 일부 작업만을 마쳤습니다. (0x12B)
[1214/165224.035:WARNING:pe_image_reader.cc(340)] could not read dos header from C:\WINDOWS\System32\kernel.appcore.dll
[1214/165224.035:ERROR:process_memory_win.cc(73)] ReadMemory at 0x7ffdfbb90000 of 64 bytes failed: ReadProcessMemory 또는 WriteProcessMemory의 일부 작업만을 마쳤습니다. (0x12B)
[1214/165224.035:WARNING:pe_image_reader.cc(340)] could not read dos header from C:\WINDOWS\System32\bcrypt.dll
[1214/165224.035:ERROR:process_memory_win.cc(73)] ReadMemory at 0x7ffdfa0a0000 of 64 bytes failed: ReadProcessMemory 또는 WriteProcessMemory의 일부 작업만을 마쳤습니다. (0x12B)
[1214/165224.035:WARNING:pe_image_reader.cc(340)] could not read dos header from C:\WINDOWS\SYSTEM32\dbghelp.dll
[1214/165224.035:ERROR:process_memory_win.cc(73)] ReadMemory at 0x7ffdee340000 of 64 bytes failed: ReadProcessMemory 또는 WriteProcessMemory의 일부 작업만을 마쳤습니다. (0x12B)
[1214/165224.035:WARNING:pe_image_reader.cc(340)] could not read dos header from C:\WINDOWS\SYSTEM32\Secur32.dll
[1214/165224.035:ERROR:process_memory_win.cc(73)] ReadMemory at 0x7ffdf02d0000 of 64 bytes failed: ReadProcessMemory 또는 WriteProcessMemory의 일부 작업만을 마쳤습니다. (0x12B)
[1214/165224.035:WARNING:pe_image_reader.cc(340)] could not read dos header from C:\WINDOWS\SYSTEM32\WINHTTP.dll
[1214/165224.035:ERROR:process_memory_win.cc(73)] ReadMemory at 0x7ffdf4290000 of 64 bytes failed: ReadProcessMemory 또는 WriteProcessMemory의 일부 작업만을 마쳤습니다. (0x12B)
[1214/165224.035:WARNING:pe_image_reader.cc(340)] could not read dos header from C:\WINDOWS\SYSTEM32\dhcpcsvc.DLL
[1214/165224.035:ERROR:process_memory_win.cc(73)] ReadMemory at 0x7ffdfde30000 of 64 bytes failed: ReadProcessMemory 또는 WriteProcessMemory의 일부 작업만을 마쳤습니다. (0x12B)
[1214/165224.035:WARNING:pe_image_reader.cc(340)] could not read dos header from C:\WINDOWS\System32\NSI.dll
[1214/165224.036:ERROR:process_memory_win.cc(73)] ReadMemory at 0x7ffdee1f0000 of 64 bytes failed: ReadProcessMemory 또는 WriteProcessMemory의 일부 작업만을 마쳤습니다. (0x12B)
[1214/165224.036:WARNING:pe_image_reader.cc(340)] could not read dos header from C:\WINDOWS\SYSTEM32\WINMMBASE.dll
[1214/165224.036:ERROR:process_memory_win.cc(73)] ReadMemory at 0x7ffdfb810000 of 64 bytes failed: ReadProcessMemory 또는 WriteProcessMemory의 일부 작업만을 마쳤습니다. (0x12B)
[1214/165224.036:WARNING:pe_image_reader.cc(340)] could not read dos header from C:\WINDOWS\System32\cfgmgr32.dll
[1214/165224.036:ERROR:process_memory_win.cc(73)] ReadMemory at 0x7ffdf64c0000 of 64 bytes failed: ReadProcessMemory 또는 WriteProcessMemory의 일부 작업만을 마쳤습니다. (0x12B)
[1214/165224.036:WARNING:pe_image_reader.cc(340)] could not read dos header from C:\WINDOWS\SYSTEM32\PROPSYS.dll
[1214/165224.036:ERROR:process_memory_win.cc(73)] ReadMemory at 0x7ffdfd030000 of 64 bytes failed: ReadProcessMemory 또는 WriteProcessMemory의 일부 작업만을 마쳤습니다. (0x12B)
[1214/165224.036:WARNING:pe_image_reader.cc(340)] could not read dos header from C:\WINDOWS\System32\shcore.dll
[1214/165224.036:ERROR:process_memory_win.cc(73)] ReadMemory at 0x7ffdfb640000 of 64 bytes failed: ReadProcessMemory 또는 WriteProcessMemory의 일부 작업만을 마쳤습니다. (0x12B)
[1214/165224.036:WARNING:pe_image_reader.cc(340)] could not read dos header from C:\WINDOWS\SYSTEM32\SSPICLI.DLL
[1214/165224.036:ERROR:process_memory_win.cc(73)] ReadMemory at 0x7ffdfb190000 of 64 bytes failed: ReadProcessMemory 또는 WriteProcessMemory의 일부 작업만을 마쳤습니다. (0x12B)
[1214/165224.036:WARNING:pe_image_reader.cc(340)] could not read dos header from C:\WINDOWS\SYSTEM32\CRYPTBASE.DLL
[1214/165224.036:ERROR:process_memory_win.cc(73)] ReadMemory at 0x7ff6bb0c0000 of 64 bytes failed: ReadProcessMemory 또는 WriteProcessMemory의 일부 작업만을 마쳤습니다. (0x12B)
[1214/165224.036:WARNING:pe_image_reader.cc(340)] could not read dos header from C:\Program Files (x86)\Google\Chrome\Application\chrome.exe
[1214/165224.036:ERROR:process_memory_win.cc(73)] ReadMemory at 0x7ffdfe880000 of 64 bytes failed: ReadProcessMemory 또는 WriteProcessMemory의 일부 작업만을 마쳤습니다. (0x12B)
[1214/165224.036:WARNING:pe_image_reader.cc(340)] could not read dos header from C:\WINDOWS\SYSTEM32\ntdll.dll
[1214/165224.036:ERROR:process_memory_win.cc(73)] ReadMemory at 0x7ffdfe4e0000 of 64 bytes failed: ReadProcessMemory 또는 WriteProcessMemory의 일부 작업만을 마쳤습니다. (0x12B)
[1214/165224.036:WARNING:pe_image_reader.cc(340)] could not read dos header from C:\WINDOWS\System32\KERNEL32.DLL
[1214/165224.036:ERROR:process_memory_win.cc(73)] ReadMemory at 0x7ffdfb860000 of 64 bytes failed: ReadProcessMemory 또는 WriteProcessMemory의 일부 작업만을 마쳤습니다. (0x12B)
[1214/165224.036:WARNING:pe_image_reader.cc(340)] could not read dos header from C:\WINDOWS\System32\KERNELBASE.dll
[1214/165224.036:ERROR:process_memory_win.cc(73)] ReadMemory at 0x7ffdf5fc0000 of 64 bytes failed: ReadProcessMemory 또는 WriteProcessMemory의 일부 작업만을 마쳤습니다. (0x12B)
[1214/165224.036:WARNING:pe_image_reader.cc(340)] could not read dos header from C:\WINDOWS\SYSTEM32\apphelp.dll
[1214/165224.036:ERROR:process_memory_win.cc(73)] ReadMemory at 0x7ffde2320000 of 64 bytes failed: ReadProcessMemory 또는 WriteProcessMemory의 일부 작업만을 마쳤습니다. (0x12B)
[1214/165224.036:WARNING:pe_image_reader.cc(340)] could not read dos header from C:\Program Files (x86)\Google\Chrome\Application\79.0.3945.79\chrome_elf.dll
[1214/165224.036:ERROR:process_memory_win.cc(73)] ReadMemory at 0x7ffdf4280000 of 64 bytes failed: ReadProcessMemory 또는 WriteProcessMemory의 일부 작업만을 마쳤습니다. (0x12B)
[1214/165224.036:WARNING:pe_image_reader.cc(340)] could not read dos header from C:\WINDOWS\SYSTEM32\VERSION.dll
[1214/165224.036:ERROR:process_memory_win.cc(73)] ReadMemory at 0x7ffdfdce0000 of 64 bytes failed: ReadProcessMemory 또는 WriteProcessMemory의 일부 작업만을 마쳤습니다. (0x12B)
[1214/165224.036:WARNING:pe_image_reader.cc(340)] could not read dos header from C:\WINDOWS\System32\msvcrt.dll
[1214/165224.037:ERROR:process_memory_win.cc(73)] ReadMemory at 0x7ffdfbb10000 of 64 bytes failed: ReadProcessMemory 또는 WriteProcessMemory의 일부 작업만을 마쳤습니다. (0x12B)
[1214/165224.037:WARNING:pe_image_reader.cc(340)] could not read dos header from C:\WINDOWS\System32\bcryptPrimitives.dll
[1214/165224.037:ERROR:process_memory_win.cc(73)] ReadMemory at 0x7ffdfd0e0000 of 64 bytes failed: ReadProcessMemory 또는 WriteProcessMemory의 일부 작업만을 마쳤습니다. (0x12B)
[1214/165224.037:WARNING:pe_image_reader.cc(340)] could not read dos header from C:\WINDOWS\System32\ADVAPI32.dll
[1214/165224.037:ERROR:process_memory_win.cc(73)] ReadMemory at 0x7ffdfd7d0000 of 64 bytes failed: ReadProcessMemory 또는 WriteProcessMemory의 일부 작업만을 마쳤습니다. (0x12B)
[1214/165224.037:WARNING:pe_image_reader.cc(340)] could not read dos header from C:\WINDOWS\System32\sechost.dll
[1214/165224.037:ERROR:process_memory_win.cc(73)] ReadMemory at 0x7ffdfdb10000 of 64 bytes failed: ReadProcessMemory 또는 WriteProcessMemory의 일부 작업만을 마쳤습니다. (0x12B)
[1214/165224.037:WARNING:pe_image_reader.cc(340)] could not read dos header from C:\WINDOWS\System32\RPCRT4.dll
[1214/165224.037:ERROR:process_memory_win.cc(73)] ReadMemory at 0x7ffdb7290000 of 64 bytes failed: ReadProcessMemory 또는 WriteProcessMemory의 일부 작업만을 마쳤습니다. (0x12B)
[1214/165224.037:WARNING:pe_image_reader.cc(340)] could not read dos header from C:\Program Files (x86)\Google\Chrome\Application\79.0.3945.79\chrome_child.dll
[1214/165224.037:ERROR:process_memory_win.cc(73)] ReadMemory at 0x7ffdfd870000 of 64 bytes failed: ReadProcessMemory 또는 WriteProcessMemory의 일부 작업만을 마쳤습니다. (0x12B)
[1214/165224.037:WARNING:pe_image_reader.cc(340)] could not read dos header from C:\WINDOWS\System32\OLEAUT32.dll
[1214/165224.037:ERROR:process_memory_win.cc(73)] ReadMemory at 0x7ffdfbd20000 of 64 bytes failed: ReadProcessMemory 또는 WriteProcessMemory의 일부 작업만을 마쳤습니다. (0x12B)
[1214/165224.037:WARNING:pe_image_reader.cc(340)] could not read dos header from C:\WINDOWS\System32\msvcp_win.dll
[1214/165224.037:ERROR:process_memory_win.cc(73)] ReadMemory at 0x7ffdfbdc0000 of 64 bytes failed: ReadProcessMemory 또는 WriteProcessMemory의 일부 작업만을 마쳤습니다. (0x12B)
[1214/165224.037:WARNING:pe_image_reader.cc(340)] could not read dos header from C:\WINDOWS\System32\ucrtbase.dll
[1214/165224.037:ERROR:process_memory_win.cc(73)] ReadMemory at 0x7ffdfdfe0000 of 64 bytes failed: ReadProcessMemory 또는 WriteProcessMemory의 일부 작업만을 마쳤습니다. (0x12B)
[1214/165224.037:WARNING:pe_image_reader.cc(340)] could not read dos header from C:\WINDOWS\System32\combase.dll
[1214/165224.037:ERROR:process_memory_win.cc(73)] ReadMemory at 0x7ffdfe770000 of 64 bytes failed: ReadProcessMemory 또는 WriteProcessMemory의 일부 작업만을 마쳤습니다. (0x12B)
[1214/165224.037:WARNING:pe_image_reader.cc(340)] could not read dos header from C:\WINDOWS\System32\WS2_32.dll
[1214/165224.037:ERROR:process_memory_win.cc(73)] ReadMemory at 0x7ffdfbca0000 of 64 bytes failed: ReadProcessMemory 또는 WriteProcessMemory의 일부 작업만을 마쳤습니다. (0x12B)
[1214/165224.037:WARNING:pe_image_reader.cc(340)] could not read dos header from C:\WINDOWS\System32\WINTRUST.dll
[1214/165224.037:ERROR:process_memory_win.cc(73)] ReadMemory at 0x7ffdfb760000 of 64 bytes failed: ReadProcessMemory 또는 WriteProcessMemory의 일부 작업만을 마쳤습니다. (0x12B)
[1214/165224.037:WARNING:pe_image_reader.cc(340)] could not read dos header from C:\WINDOWS\System32\MSASN1.dll
[1214/165224.037:ERROR:process_memory_win.cc(73)] ReadMemory at 0x7ffdfbec0000 of 64 bytes failed: ReadProcessMemory 또는 WriteProcessMemory의 일부 작업만을 마쳤습니다. (0x12B)
[1214/165224.037:WARNING:pe_image_reader.cc(340)] could not read dos header from C:\WINDOWS\System32\CRYPT32.dll
[1214/165224.037:ERROR:process_memory_win.cc(73)] ReadMemory at 0x7ffdfac70000 of 64 bytes failed: ReadProcessMemory 또는 WriteProcessMemory의 일부 작업만을 마쳤습니다. (0x12B)
[1214/165224.038:WARNING:pe_image_reader.cc(340)] could not read dos header from C:\WINDOWS\SYSTEM32\IPHLPAPI.DLL
[1214/165224.038:ERROR:process_memory_win.cc(73)] ReadMemory at 0x7ffdeae20000 of 64 bytes failed: ReadProcessMemory 또는 WriteProcessMemory의 일부 작업만을 마쳤습니다. (0x12B)
[1214/165224.038:WARNING:pe_image_reader.cc(340)] could not read dos header from C:\WINDOWS\SYSTEM32\WINMM.dll
[1214/165224.038:ERROR:process_memory_win.cc(73)] ReadMemory at 0x7ffdfb670000 of 64 bytes failed: ReadProcessMemory 또는 WriteProcessMemory의 일부 작업만을 마쳤습니다. (0x12B)
[1214/165224.038:WARNING:pe_image_reader.cc(340)] could not read dos header from C:\WINDOWS\SYSTEM32\USERENV.dll
[1214/165224.038:ERROR:process_memory_win.cc(73)] ReadMemory at 0x7ffdfb780000 of 64 bytes failed: ReadProcessMemory 또는 WriteProcessMemory의 일부 작업만을 마쳤습니다. (0x12B)
[1214/165224.038:WARNING:pe_image_reader.cc(340)] could not read dos header from C:\WINDOWS\System32\profapi.dll
[1214/165224.038:ERROR:process_memory_win.cc(73)] ReadMemory at 0x7ffde1620000 of 64 bytes failed: ReadProcessMemory 또는 WriteProcessMemory의 일부 작업만을 마쳤습니다. (0x12B)
[1214/165224.038:WARNING:pe_image_reader.cc(340)] could not read dos header from C:\WINDOWS\SYSTEM32\DWrite.dll
[1214/165224.038:ERROR:process_memory_win.cc(73)] ReadMemory at 0x7ffdec520000 of 64 bytes failed: ReadProcessMemory 또는 WriteProcessMemory의 일부 작업만을 마쳤습니다. (0x12B)
[1214/165224.038:WARNING:pe_image_reader.cc(340)] could not read dos header from C:\WINDOWS\SYSTEM32\WINSPOOL.DRV
[1214/165224.038:ERROR:process_memory_win.cc(73)] ReadMemory at 0x7ffdfb7f0000 of 64 bytes failed: ReadProcessMemory 또는 WriteProcessMemory의 일부 작업만을 마쳤습니다. (0x12B)
[1214/165224.038:WARNING:pe_image_reader.cc(340)] could not read dos header from C:\WINDOWS\System32\kernel.appcore.dll
[1214/165224.038:ERROR:process_memory_win.cc(73)] ReadMemory at 0x7ffdfbb90000 of 64 bytes failed: ReadProcessMemory 또는 WriteProcessMemory의 일부 작업만을 마쳤습니다. (0x12B)
[1214/165224.038:WARNING:pe_image_reader.cc(340)] could not read dos header from C:\WINDOWS\System32\bcrypt.dll
[1214/165224.038:ERROR:process_memory_win.cc(73)] ReadMemory at 0x7ffdfa0a0000 of 64 bytes failed: ReadProcessMemory 또는 WriteProcessMemory의 일부 작업만을 마쳤습니다. (0x12B)
[1214/165224.038:WARNING:pe_image_reader.cc(340)] could not read dos header from C:\WINDOWS\SYSTEM32\dbghelp.dll
[1214/165224.038:ERROR:process_memory_win.cc(73)] ReadMemory at 0x7ffdee340000 of 64 bytes failed: ReadProcessMemory 또는 WriteProcessMemory의 일부 작업만을 마쳤습니다. (0x12B)
[1214/165224.038:WARNING:pe_image_reader.cc(340)] could not read dos header from C:\WINDOWS\SYSTEM32\Secur32.dll
[1214/165224.038:ERROR:process_memory_win.cc(73)] ReadMemory at 0x7ffdf02d0000 of 64 bytes failed: ReadProcessMemory 또는 WriteProcessMemory의 일부 작업만을 마쳤습니다. (0x12B)
[1214/165224.038:WARNING:pe_image_reader.cc(340)] could not read dos header from C:\WINDOWS\SYSTEM32\WINHTTP.dll
[1214/165224.038:ERROR:process_memory_win.cc(73)] ReadMemory at 0x7ffdf4290000 of 64 bytes failed: ReadProcessMemory 또는 WriteProcessMemory의 일부 작업만을 마쳤습니다. (0x12B)
[1214/165224.038:WARNING:pe_image_reader.cc(340)] could not read dos header from C:\WINDOWS\SYSTEM32\dhcpcsvc.DLL
[1214/165224.038:ERROR:process_memory_win.cc(73)] ReadMemory at 0x7ffdfde30000 of 64 bytes failed: ReadProcessMemory 또는 WriteProcessMemory의 일부 작업만을 마쳤습니다. (0x12B)
[1214/165224.038:WARNING:pe_image_reader.cc(340)] could not read dos header from C:\WINDOWS\System32\NSI.dll
[1214/165224.039:ERROR:process_memory_win.cc(73)] ReadMemory at 0x7ffdee1f0000 of 64 bytes failed: ReadProcessMemory 또는 WriteProcessMemory의 일부 작업만을 마쳤습니다. (0x12B)
[1214/165224.039:WARNING:pe_image_reader.cc(340)] could not read dos header from C:\WINDOWS\SYSTEM32\WINMMBASE.dll
[1214/165224.039:ERROR:process_memory_win.cc(73)] ReadMemory at 0x7ffdfb810000 of 64 bytes failed: ReadProcessMemory 또는 WriteProcessMemory의 일부 작업만을 마쳤습니다. (0x12B)
[1214/165224.039:WARNING:pe_image_reader.cc(340)] could not read dos header from C:\WINDOWS\System32\cfgmgr32.dll
[1214/165224.039:ERROR:process_memory_win.cc(73)] ReadMemory at 0x7ffdf64c0000 of 64 bytes failed: ReadProcessMemory 또는 WriteProcessMemory의 일부 작업만을 마쳤습니다. (0x12B)
[1214/165224.039:WARNING:pe_image_reader.cc(340)] could not read dos header from C:\WINDOWS\SYSTEM32\PROPSYS.dll
[1214/165224.039:ERROR:process_memory_win.cc(73)] ReadMemory at 0x7ffdfd030000 of 64 bytes failed: ReadProcessMemory 또는 WriteProcessMemory의 일부 작업만을 마쳤습니다. (0x12B)
[1214/165224.039:WARNING:pe_image_reader.cc(340)] could not read dos header from C:\WINDOWS\System32\shcore.dll
[1214/165224.039:ERROR:process_memory_win.cc(73)] ReadMemory at 0x7ffdfb640000 of 64 bytes failed: ReadProcessMemory 또는 WriteProcessMemory의 일부 작업만을 마쳤습니다. (0x12B)
[1214/165224.039:WARNING:pe_image_reader.cc(340)] could not read dos header from C:\WINDOWS\SYSTEM32\SSPICLI.DLL
[1214/165224.039:ERROR:process_memory_win.cc(73)] ReadMemory at 0x7ffdfb190000 of 64 bytes failed: ReadProcessMemory 또는 WriteProcessMemory의 일부 작업만을 마쳤습니다. (0x12B)
[1214/165224.039:WARNING:pe_image_reader.cc(340)] could not read dos header from C:\WINDOWS\SYSTEM32\CRYPTBASE.DLL
[1214/165224.069:ERROR:process_memory_win.cc(73)] ReadMemory at 0x1e6c3ed000 of 77824 bytes failed: ReadProcessMemory 또는 WriteProcessMemory의 일부 작업만을 마쳤습니다. (0x12B)
[1214/165224.069:ERROR:process_memory_win.cc(73)] ReadMemory at 0x1e6cbfd000 of 12288 bytes failed: ReadProcessMemory 또는 WriteProcessMemory의 일부 작업만을 마쳤습니다. (0x12B)
[1214/165224.069:ERROR:process_memory_win.cc(73)] ReadMemory at 0x1e6d3fd000 of 12288 bytes failed: ReadProcessMemory 또는 WriteProcessMemory의 일부 작업만을 마쳤습니다. (0x12B)
[1214/165224.069:ERROR:process_memory_win.cc(73)] ReadMemory at 0x1e6dbfc000 of 16384 bytes failed: ReadProcessMemory 또는 WriteProcessMemory의 일부 작업만을 마쳤습니다. (0x12B)
[1214/165224.069:ERROR:process_memory_win.cc(73)] ReadMemory at 0x1e6e3fb000 of 20480 bytes failed: ReadProcessMemory 또는 WriteProcessMemory의 일부 작업만을 마쳤습니다. (0x12B)
[1214/165224.070:ERROR:process_memory_win.cc(73)] ReadMemory at 0x1e6ebfe000 of 8192 bytes failed: ReadProcessMemory 또는 WriteProcessMemory의 일부 작업만을 마쳤습니다. (0x12B)
[1214/165224.070:ERROR:process_memory_win.cc(73)] ReadMemory at 0x1e6f3fd000 of 12288 bytes failed: ReadProcessMemory 또는 WriteProcessMemory의 일부 작업만을 마쳤습니다. (0x12B)
[1214/165224.070:ERROR:process_memory_win.cc(73)] ReadMemory at 0x1e6fbfb000 of 20480 bytes failed: ReadProcessMemory 또는 WriteProcessMemory의 일부 작업만을 마쳤습니다. (0x12B)
[1214/165224.070:ERROR:process_memory_win.cc(73)] ReadMemory at 0x1e703fd000 of 12288 bytes failed: ReadProcessMemory 또는 WriteProcessMemory의 일부 작업만을 마쳤습니다. (0x12B)
[1214/165224.070:ERROR:process_memory_win.cc(73)] ReadMemory at 0x1e713f7000 of 36864 bytes failed: ReadProcessMemory 또는 WriteProcessMemory의 일부 작업만을 마쳤습니다. (0x12B)
[1214/165224.070:ERROR:process_memory_win.cc(73)] ReadMemory at 0x1e71bf6000 of 40960 bytes failed: ReadProcessMemory 또는 WriteProcessMemory의 일부 작업만을 마쳤습니다. (0x12B)
[1214/165224.071:ERROR:process_memory_win.cc(73)] ReadMemory at 0x1e723f5000 of 45056 bytes failed: ReadProcessMemory 또는 WriteProcessMemory의 일부 작업만을 마쳤습니다. (0x12B)
[1214/165224.071:ERROR:process_memory_win.cc(73)] ReadMemory at 0x1e72bf6000 of 40960 bytes failed: ReadProcessMemory 또는 WriteProcessMemory의 일부 작업만을 마쳤습니다. (0x12B)
[1214/165224.071:ERROR:process_memory_win.cc(73)] ReadMemory at 0x1e733fb000 of 20480 bytes failed: ReadProcessMemory 또는 WriteProcessMemory의 일부 작업만을 마쳤습니다. (0x12B)
[1214/165224.071:ERROR:process_memory_win.cc(73)] ReadMemory at 0x1e73bfc000 of 16384 bytes failed: ReadProcessMemory 또는 WriteProcessMemory의 일부 작업만을 마쳤습니다. (0x12B)
[1214/165224.071:ERROR:process_memory_win.cc(73)] ReadMemory at 0x1e743fc000 of 16384 bytes failed: ReadProcessMemory 또는 WriteProcessMemory의 일부 작업만을 마쳤습니다. (0x12B)
[1214/165224.071:ERROR:process_memory_win.cc(73)] ReadMemory at 0x1e74bfc000 of 16384 bytes failed: ReadProcessMemory 또는 WriteProcessMemory의 일부 작업만을 마쳤습니다. (0x12B)
[1214/165224.072:ERROR:process_memory_win.cc(73)] ReadMemory at 0x1e753f9000 of 28672 bytes failed: ReadProcessMemory 또는 WriteProcessMemory의 일부 작업만을 마쳤습니다. (0x12B)
[1214/165224.072:ERROR:process_memory_win.cc(73)] ReadMemory at 0x1e75bf9000 of 28672 bytes failed: ReadProcessMemory 또는 WriteProcessMemory의 일부 작업만을 마쳤습니다. (0x12B)
[1214/165224.072:ERROR:process_memory_win.cc(73)] ReadMemory at 0x1e763fd000 of 12288 bytes failed: ReadProcessMemory 또는 WriteProcessMemory의 일부 작업만을 마쳤습니다. (0x12B)
[1214/165224.072:ERROR:process_memory_win.cc(73)] ReadMemory at 0x1e76bfc000 of 16384 bytes failed: ReadProcessMemory 또는 WriteProcessMemory의 일부 작업만을 마쳤습니다. (0x12B)
[1214/165224.072:ERROR:process_memory_win.cc(73)] ReadMemory at 0x1e6bad5000 of 852 bytes failed: ReadProcessMemory 또는 WriteProcessMemory의 일부 작업만을 마쳤습니다. (0x12B)
[1214/165224.072:ERROR:process_memory_win.cc(73)] ReadMemory at 0x1e6bad6000 of 6024 bytes failed: ReadProcessMemory 또는 WriteProcessMemory의 일부 작업만을 마쳤습니다. (0x12B)
[1214/165224.072:ERROR:process_memory_win.cc(73)] ReadMemory at 0x1e6bad8000 of 6024 bytes failed: ReadProcessMemory 또는 WriteProcessMemory의 일부 작업만을 마쳤습니다. (0x12B)
[1214/165224.073:ERROR:process_memory_win.cc(73)] ReadMemory at 0x1e6bada000 of 6024 bytes failed: ReadProcessMemory 또는 WriteProcessMemory의 일부 작업만을 마쳤습니다. (0x12B)
[1214/165224.073:ERROR:process_memory_win.cc(73)] ReadMemory at 0x1e6badc000 of 6024 bytes failed: ReadProcessMemory 또는 WriteProcessMemory의 일부 작업만을 마쳤습니다. (0x12B)
[1214/165224.073:ERROR:process_memory_win.cc(73)] ReadMemory at 0x1e6bade000 of 6024 bytes failed: ReadProcessMemory 또는 WriteProcessMemory의 일부 작업만을 마쳤습니다. (0x12B)
[1214/165224.073:ERROR:process_memory_win.cc(73)] ReadMemory at 0x1e6bae0000 of 6024 bytes failed: ReadProcessMemory 또는 WriteProcessMemory의 일부 작업만을 마쳤습니다. (0x12B)
[1214/165224.073:ERROR:process_memory_win.cc(73)] ReadMemory at 0x1e6bae2000 of 6024 bytes failed: ReadProcessMemory 또는 WriteProcessMemory의 일부 작업만을 마쳤습니다. (0x12B)
[1214/165224.073:ERROR:process_memory_win.cc(73)] ReadMemory at 0x1e6bae4000 of 6024 bytes failed: ReadProcessMemory 또는 WriteProcessMemory의 일부 작업만을 마쳤습니다. (0x12B)
[1214/165224.073:ERROR:process_memory_win.cc(73)] ReadMemory at 0x1e6bae6000 of 6024 bytes failed: ReadProcessMemory 또는 WriteProcessMemory의 일부 작업만을 마쳤습니다. (0x12B)
[1214/165224.073:ERROR:process_memory_win.cc(73)] ReadMemory at 0x1e6baea000 of 6024 bytes failed: ReadProcessMemory 또는 WriteProcessMemory의 일부 작업만을 마쳤습니다. (0x12B)
[1214/165224.073:ERROR:process_memory_win.cc(73)] ReadMemory at 0x1e6baec000 of 6024 bytes failed: ReadProcessMemory 또는 WriteProcessMemory의 일부 작업만을 마쳤습니다. (0x12B)
[1214/165224.073:ERROR:process_memory_win.cc(73)] ReadMemory at 0x1e6baee000 of 6024 bytes failed: ReadProcessMemory 또는 WriteProcessMemory의 일부 작업만을 마쳤습니다. (0x12B)
[1214/165224.074:ERROR:process_memory_win.cc(73)] ReadMemory at 0x1e6baf0000 of 6024 bytes failed: ReadProcessMemory 또는 WriteProcessMemory의 일부 작업만을 마쳤습니다. (0x12B)
[1214/165224.074:ERROR:process_memory_win.cc(73)] ReadMemory at 0x1e6baf2000 of 6024 bytes failed: ReadProcessMemory 또는 WriteProcessMemory의 일부 작업만을 마쳤습니다. (0x12B)
[1214/165224.074:ERROR:process_memory_win.cc(73)] ReadMemory at 0x1e6baf4000 of 6024 bytes failed: ReadProcessMemory 또는 WriteProcessMemory의 일부 작업만을 마쳤습니다. (0x12B)
[1214/165224.074:ERROR:process_memory_win.cc(73)] ReadMemory at 0x1e6baf6000 of 6024 bytes failed: ReadProcessMemory 또는 WriteProcessMemory의 일부 작업만을 마쳤습니다. (0x12B)
[1214/165224.074:ERROR:process_memory_win.cc(73)] ReadMemory at 0x1e6baf8000 of 6024 bytes failed: ReadProcessMemory 또는 WriteProcessMemory의 일부 작업만을 마쳤습니다. (0x12B)
[1214/165224.074:ERROR:process_memory_win.cc(73)] ReadMemory at 0x1e6bafa000 of 6024 bytes failed: ReadProcessMemory 또는 WriteProcessMemory의 일부 작업만을 마쳤습니다. (0x12B)
[1214/165224.074:ERROR:process_memory_win.cc(73)] ReadMemory at 0x1e6bafc000 of 6024 bytes failed: ReadProcessMemory 또는 WriteProcessMemory의 일부 작업만을 마쳤습니다. (0x12B)
[1214/165224.074:ERROR:process_memory_win.cc(73)] ReadMemory at 0x1e6bafe000 of 6024 bytes failed: ReadProcessMemory 또는 WriteProcessMemory의 일부 작업만을 마쳤습니다. (0x12B)
[1214/165224.074:ERROR:process_memory_win.cc(73)] ReadMemory at 0x1e6bb00000 of 6024 bytes failed: ReadProcessMemory 또는 WriteProcessMemory의 일부 작업만을 마쳤습니다. (0x12B)
[1214/165224.074:ERROR:process_memory_win.cc(73)] ReadMemory at 0x1971c6f0fe0 of 5614 bytes failed: ReadProcessMemory 또는 WriteProcessMemory의 일부 작업만을 마쳤습니다. (0x12B)
[1214/165224.074:ERROR:process_memory_win.cc(73)] ReadMemory at 0x1971c6f25e0 of 1012 bytes failed: ReadProcessMemory 또는 WriteProcessMemory의 일부 작업만을 마쳤습니다. (0x12B)
[1214/165224.075:ERROR:process_memory_win.cc(73)] ReadMemory at 0x1971c6f2c28 of 118 bytes failed: ReadProcessMemory 또는 WriteProcessMemory의 일부 작업만을 마쳤습니다. (0x12B)
[1214/165224.075:ERROR:process_memory_win.cc(73)] ReadMemory at 0x1971c6f2ca0 of 892 bytes failed: ReadProcessMemory 또는 WriteProcessMemory의 일부 작업만을 마쳤습니다. (0x12B)
[1214/165224.075:ERROR:process_memory_win.cc(73)] ReadMemory at 0x1971c6f301e of 118 bytes failed: ReadProcessMemory 또는 WriteProcessMemory의 일부 작업만을 마쳤습니다. (0x12B)
[1214/165224.075:ERROR:process_memory_win.cc(73)] ReadMemory at 0x1971c6f3096 of 102 bytes failed: ReadProcessMemory 또는 WriteProcessMemory의 일부 작업만을 마쳤습니다. (0x12B)
[1214/165224.075:ERROR:process_memory_win.cc(73)] ReadMemory at 0x1971c6f3110 of 58 bytes failed: ReadProcessMemory 또는 WriteProcessMemory의 일부 작업만을 마쳤습니다. (0x12B)
[1214/165224.075:ERROR:process_memory_win.cc(73)] ReadMemory at 0x1971c6f3210 of 132 bytes failed: ReadProcessMemory 또는 WriteProcessMemory의 일부 작업만을 마쳤습니다. (0x12B)
[1214/165224.075:ERROR:process_memory_win.cc(73)] ReadMemory at 0x1971c6f33a0 of 132 bytes failed: ReadProcessMemory 또는 WriteProcessMemory의 일부 작업만을 마쳤습니다. (0x12B)
[1214/165224.075:ERROR:process_memory_win.cc(73)] ReadMemory at 0x1971c6f3560 of 124 bytes failed: ReadProcessMemory 또는 WriteProcessMemory의 일부 작업만을 마쳤습니다. (0x12B)
[1214/165224.075:ERROR:process_memory_win.cc(73)] ReadMemory at 0x1971c6f3940 of 132 bytes failed: ReadProcessMemory 또는 WriteProcessMemory의 일부 작업만을 마쳤습니다. (0x12B)
[1214/165224.075:ERROR:process_memory_win.cc(73)] ReadMemory at 0x1971c6f3ad0 of 64 bytes failed: ReadProcessMemory 또는 WriteProcessMemory의 일부 작업만을 마쳤습니다. (0x12B)
[1214/165224.075:ERROR:process_memory_win.cc(73)] ReadMemory at 0x1971c6f3c30 of 132 bytes failed: ReadProcessMemory 또는 WriteProcessMemory의 일부 작업만을 마쳤습니다. (0x12B)
[1214/165224.076:ERROR:process_memory_win.cc(73)] ReadMemory at 0x1971c6f3dc0 of 62 bytes failed: ReadProcessMemory 또는 WriteProcessMemory의 일부 작업만을 마쳤습니다. (0x12B)
[1214/165224.076:ERROR:process_memory_win.cc(73)] ReadMemory at 0x1971c6f3f30 of 132 bytes failed: ReadProcessMemory 또는 WriteProcessMemory의 일부 작업만을 마쳤습니다. (0x12B)
[1214/165224.076:ERROR:process_memory_win.cc(73)] ReadMemory at 0x1971c6f40c0 of 68 bytes failed: ReadProcessMemory 또는 WriteProcessMemory의 일부 작업만을 마쳤습니다. (0x12B)
[1214/165224.076:ERROR:process_memory_win.cc(73)] ReadMemory at 0x1971c700c80 of 132 bytes failed: ReadProcessMemory 또는 WriteProcessMemory의 일부 작업만을 마쳤습니다. (0x12B)
[1214/165224.076:ERROR:process_memory_win.cc(73)] ReadMemory at 0x1971c700e90 of 132 bytes failed: ReadProcessMemory 또는 WriteProcessMemory의 일부 작업만을 마쳤습니다. (0x12B)
[1214/165224.076:ERROR:process_memory_win.cc(73)] ReadMemory at 0x1971c701030 of 152 bytes failed: ReadProcessMemory 또는 WriteProcessMemory의 일부 작업만을 마쳤습니다. (0x12B)
[1214/165224.076:ERROR:process_memory_win.cc(73)] ReadMemory at 0x1971c701500 of 64 bytes failed: ReadProcessMemory 또는 WriteProcessMemory의 일부 작업만을 마쳤습니다. (0x12B)
[1214/165224.076:ERROR:process_memory_win.cc(73)] ReadMemory at 0x1971c701550 of 66 bytes failed: ReadProcessMemory 또는 WriteProcessMemory의 일부 작업만을 마쳤습니다. (0x12B)
[1214/165224.076:ERROR:process_memory_win.cc(73)] ReadMemory at 0x1971c7015a0 of 64 bytes failed: ReadProcessMemory 또는 WriteProcessMemory의 일부 작업만을 마쳤습니다. (0x12B)
[1214/165224.076:ERROR:process_memory_win.cc(73)] ReadMemory at 0x1971c701640 of 62 bytes failed: ReadProcessMemory 또는 WriteProcessMemory의 일부 작업만을 마쳤습니다. (0x12B)
[1214/165224.076:ERROR:process_memory_win.cc(73)] ReadMemory at 0x1971c701690 of 60 bytes failed: ReadProcessMemory 또는 WriteProcessMemory의 일부 작업만을 마쳤습니다. (0x12B)
[1214/165224.076:ERROR:process_memory_win.cc(73)] ReadMemory at 0x1971c701730 of 64 bytes failed: ReadProcessMemory 또는 WriteProcessMemory의 일부 작업만을 마쳤습니다. (0x12B)
[1214/165224.076:ERROR:process_memory_win.cc(73)] ReadMemory at 0x1971c701820 of 64 bytes failed: ReadProcessMemory 또는 WriteProcessMemory의 일부 작업만을 마쳤습니다. (0x12B)
[1214/165224.076:ERROR:process_memory_win.cc(73)] ReadMemory at 0x1971c701a00 of 60 bytes failed: ReadProcessMemory 또는 WriteProcessMemory의 일부 작업만을 마쳤습니다. (0x12B)
[1214/165224.077:ERROR:process_memory_win.cc(73)] ReadMemory at 0x1971c701b40 of 62 bytes failed: ReadProcessMemory 또는 WriteProcessMemory의 일부 작업만을 마쳤습니다. (0x12B)
[1214/165224.077:ERROR:process_memory_win.cc(73)] ReadMemory at 0x1971c701d20 of 132 bytes failed: ReadProcessMemory 또는 WriteProcessMemory의 일부 작업만을 마쳤습니다. (0x12B)
[1214/165224.077:ERROR:process_memory_win.cc(73)] ReadMemory at 0x1971c702970 of 62 bytes failed: ReadProcessMemory 또는 WriteProcessMemory의 일부 작업만을 마쳤습니다. (0x12B)
[1214/165224.077:ERROR:process_memory_win.cc(73)] ReadMemory at 0x1971c7029c0 of 156 bytes failed: ReadProcessMemory 또는 WriteProcessMemory의 일부 작업만을 마쳤습니다. (0x12B)
[1214/165224.077:ERROR:process_memory_win.cc(73)] ReadMemory at 0x1971c702aa0 of 132 bytes failed: ReadProcessMemory 또는 WriteProcessMemory의 일부 작업만을 마쳤습니다. (0x12B)
[1214/165224.077:ERROR:process_memory_win.cc(73)] ReadMemory at 0x1971c702c30 of 60 bytes failed: ReadProcessMemory 또는 WriteProcessMemory의 일부 작업만을 마쳤습니다. (0x12B)
[1214/165224.077:ERROR:process_memory_win.cc(73)] ReadMemory at 0x1971c703e40 of 132 bytes failed: ReadProcessMemory 또는 WriteProcessMemory의 일부 작업만을 마쳤습니다. (0x12B)
[1214/165224.077:ERROR:process_memory_win.cc(73)] ReadMemory at 0x1971c703f70 of 80 bytes failed: ReadProcessMemory 또는 WriteProcessMemory의 일부 작업만을 마쳤습니다. (0x12B)
[1214/165224.077:ERROR:process_memory_win.cc(73)] ReadMemory at 0x1971c705270 of 54 bytes failed: ReadProcessMemory 또는 WriteProcessMemory의 일부 작업만을 마쳤습니다. (0x12B)
[1214/165224.077:ERROR:process_memory_win.cc(73)] ReadMemory at 0x1971c7060c0 of 132 bytes failed: ReadProcessMemory 또는 WriteProcessMemory의 일부 작업만을 마쳤습니다. (0x12B)
[1214/165224.077:ERROR:process_memory_win.cc(73)] ReadMemory at 0x1971c7061f0 of 132 bytes failed: ReadProcessMemory 또는 WriteProcessMemory의 일부 작업만을 마쳤습니다. (0x12B)
[1214/165224.078:ERROR:process_memory_win.cc(73)] ReadMemory at 0x1971c706320 of 132 bytes failed: ReadProcessMemory 또는 WriteProcessMemory의 일부 작업만을 마쳤습니다. (0x12B)
[1214/165224.078:ERROR:process_memory_win.cc(73)] ReadMemory at 0x1971c706450 of 132 bytes failed: ReadProcessMemory 또는 WriteProcessMemory의 일부 작업만을 마쳤습니다. (0x12B)
[1214/165224.078:ERROR:process_memory_win.cc(73)] ReadMemory at 0x1971c706580 of 132 bytes failed: ReadProcessMemory 또는 WriteProcessMemory의 일부 작업만을 마쳤습니다. (0x12B)
[1214/165224.078:ERROR:process_memory_win.cc(73)] ReadMemory at 0x1971c7067e0 of 132 bytes failed: ReadProcessMemory 또는 WriteProcessMemory의 일부 작업만을 마쳤습니다. (0x12B)
[1214/165224.078:ERROR:process_memory_win.cc(73)] ReadMemory at 0x1971c706910 of 132 bytes failed: ReadProcessMemory 또는 WriteProcessMemory의 일부 작업만을 마쳤습니다. (0x12B)
[1214/165224.078:ERROR:process_memory_win.cc(73)] ReadMemory at 0x1971c706a40 of 132 bytes failed: ReadProcessMemory 또는 WriteProcessMemory의 일부 작업만을 마쳤습니다. (0x12B)
[1214/165224.078:ERROR:process_memory_win.cc(73)] ReadMemory at 0x1971c706b70 of 132 bytes failed: ReadProcessMemory 또는 WriteProcessMemory의 일부 작업만을 마쳤습니다. (0x12B)
[1214/165224.078:ERROR:process_memory_win.cc(73)] ReadMemory at 0x1971c706ca0 of 132 bytes failed: ReadProcessMemory 또는 WriteProcessMemory의 일부 작업만을 마쳤습니다. (0x12B)
[1214/165224.078:ERROR:process_memory_win.cc(73)] ReadMemory at 0x1971c706dd0 of 132 bytes failed: ReadProcessMemory 또는 WriteProcessMemory의 일부 작업만을 마쳤습니다. (0x12B)
[1214/165224.078:ERROR:process_memory_win.cc(73)] ReadMemory at 0x1971c706f00 of 132 bytes failed: ReadProcessMemory 또는 WriteProcessMemory의 일부 작업만을 마쳤습니다. (0x12B)
[1214/165224.078:ERROR:process_memory_win.cc(73)] ReadMemory at 0x1971c708f50 of 132 bytes failed: ReadProcessMemory 또는 WriteProcessMemory의 일부 작업만을 마쳤습니다. (0x12B)
[1214/165224.078:ERROR:process_memory_win.cc(73)] ReadMemory at 0x1971c709b00 of 132 bytes failed: ReadProcessMemory 또는 WriteProcessMemory의 일부 작업만을 마쳤습니다. (0x12B)
[1214/165224.078:ERROR:process_memory_win.cc(73)] ReadMemory at 0x1971c709d70 of 132 bytes failed: ReadProcessMemory 또는 WriteProcessMemory의 일부 작업만을 마쳤습니다. (0x12B)
[1214/165224.079:ERROR:process_memory_win.cc(73)] ReadMemory at 0x1971c709f80 of 132 bytes failed: ReadProcessMemory 또는 WriteProcessMemory의 일부 작업만을 마쳤습니다. (0x12B)
[1214/165224.079:ERROR:process_memory_win.cc(73)] ReadMemory at 0x1971c70a260 of 132 bytes failed: ReadProcessMemory 또는 WriteProcessMemory의 일부 작업만을 마쳤습니다. (0x12B)
[1214/165224.079:ERROR:process_memory_win.cc(73)] ReadMemory at 0x1971c70a7a0 of 132 bytes failed: ReadProcessMemory 또는 WriteProcessMemory의 일부 작업만을 마쳤습니다. (0x12B)
[1214/165224.079:ERROR:process_memory_win.cc(73)] ReadMemory at 0x1971c70b6a0 of 132 bytes failed: ReadProcessMemory 또는 WriteProcessMemory의 일부 작업만을 마쳤습니다. (0x12B)
[1214/165224.079:ERROR:process_memory_win.cc(73)] ReadMemory at 0x1971c70dcf0 of 76 bytes failed: ReadProcessMemory 또는 WriteProcessMemory의 일부 작업만을 마쳤습니다. (0x12B)
[1214/165224.079:ERROR:process_memory_win.cc(73)] ReadMemory at 0x1971c70e4b0 of 60 bytes failed: ReadProcessMemory 또는 WriteProcessMemory의 일부 작업만을 마쳤습니다. (0x12B)
[1214/165224.079:ERROR:process_memory_win.cc(73)] ReadMemory at 0x1971c70e5a0 of 64 bytes failed: ReadProcessMemory 또는 WriteProcessMemory의 일부 작업만을 마쳤습니다. (0x12B)
[1214/165224.079:ERROR:process_memory_win.cc(73)] ReadMemory at 0x1971c70e640 of 62 bytes failed: ReadProcessMemory 또는 WriteProcessMemory의 일부 작업만을 마쳤습니다. (0x12B)
[1214/165224.079:ERROR:process_memory_win.cc(73)] ReadMemory at 0x1971c70e690 of 66 bytes failed: ReadProcessMemory 또는 WriteProcessMemory의 일부 작업만을 마쳤습니다. (0x12B)
[1214/165224.079:ERROR:process_memory_win.cc(73)] ReadMemory at 0x1971c70e6e0 of 60 bytes failed: ReadProcessMemory 또는 WriteProcessMemory의 일부 작업만을 마쳤습니다. (0x12B)
[1214/165224.079:ERROR:process_memory_win.cc(73)] ReadMemory at 0x1971c70e780 of 58 bytes failed: ReadProcessMemory 또는 WriteProcessMemory의 일부 작업만을 마쳤습니다. (0x12B)
[1214/165224.079:ERROR:process_memory_win.cc(73)] ReadMemory at 0x1971c70e7d0 of 62 bytes failed: ReadProcessMemory 또는 WriteProcessMemory의 일부 작업만을 마쳤습니다. (0x12B)
[1214/165224.079:ERROR:process_memory_win.cc(73)] ReadMemory at 0x1971c70e8c0 of 62 bytes failed: ReadProcessMemory 또는 WriteProcessMemory의 일부 작업만을 마쳤습니다. (0x12B)
[1214/165224.079:ERROR:process_memory_win.cc(73)] ReadMemory at 0x1971c70e910 of 62 bytes failed: ReadProcessMemory 또는 WriteProcessMemory의 일부 작업만을 마쳤습니다. (0x12B)
[1214/165224.080:ERROR:process_memory_win.cc(73)] ReadMemory at 0x1971c70ea00 of 60 bytes failed: ReadProcessMemory 또는 WriteProcessMemory의 일부 작업만을 마쳤습니다. (0x12B)
[1214/165224.080:ERROR:process_memory_win.cc(73)] ReadMemory at 0x1971c70eaf0 of 64 bytes failed: ReadProcessMemory 또는 WriteProcessMemory의 일부 작업만을 마쳤습니다. (0x12B)
[1214/165224.080:ERROR:process_memory_win.cc(73)] ReadMemory at 0x1971c70eb40 of 64 bytes failed: ReadProcessMemory 또는 WriteProcessMemory의 일부 작업만을 마쳤습니다. (0x12B)
[1214/165224.080:ERROR:process_memory_win.cc(73)] ReadMemory at 0x1971c70eb90 of 62 bytes failed: ReadProcessMemory 또는 WriteProcessMemory의 일부 작업만을 마쳤습니다. (0x12B)
[1214/165224.080:ERROR:process_memory_win.cc(73)] ReadMemory at 0x1971c70ebe0 of 62 bytes failed: ReadProcessMemory 또는 WriteProcessMemory의 일부 작업만을 마쳤습니다. (0x12B)
[1214/165224.080:ERROR:process_memory_win.cc(73)] ReadMemory at 0x1971c70ecd0 of 64 bytes failed: ReadProcessMemory 또는 WriteProcessMemory의 일부 작업만을 마쳤습니다. (0x12B)
[1214/165224.080:ERROR:process_memory_win.cc(73)] ReadMemory at 0x1971c70efa0 of 60 bytes failed: ReadProcessMemory 또는 WriteProcessMemory의 일부 작업만을 마쳤습니다. (0x12B)
[1214/165224.080:ERROR:process_memory_win.cc(73)] ReadMemory at 0x1971c70f180 of 62 bytes failed: ReadProcessMemory 또는 WriteProcessMemory의 일부 작업만을 마쳤습니다. (0x12B)
[1214/165224.080:ERROR:process_memory_win.cc(73)] ReadMemory at 0x1971c70f220 of 62 bytes failed: ReadProcessMemory 또는 WriteProcessMemory의 일부 작업만을 마쳤습니다. (0x12B)
[1214/165224.080:ERROR:process_memory_win.cc(73)] ReadMemory at 0x1971c70fd60 of 132 bytes failed: ReadProcessMemory 또는 WriteProcessMemory의 일부 작업만을 마쳤습니다. (0x12B)
[1214/165224.080:ERROR:process_memory_win.cc(73)] ReadMemory at 0x1971c70ffc0 of 132 bytes failed: ReadProcessMemory 또는 WriteProcessMemory의 일부 작업만을 마쳤습니다. (0x12B)
[1214/165224.080:ERROR:process_memory_win.cc(73)] ReadMemory at 0x1971c710220 of 132 bytes failed: ReadProcessMemory 또는 WriteProcessMemory의 일부 작업만을 마쳤습니다. (0x12B)
[1214/165224.080:ERROR:process_memory_win.cc(73)] ReadMemory at 0x1971c710810 of 132 bytes failed: ReadProcessMemory 또는 WriteProcessMemory의 일부 작업만을 마쳤습니다. (0x12B)
[1214/165224.081:ERROR:process_memory_win.cc(73)] ReadMemory at 0x1971c710940 of 132 bytes failed: ReadProcessMemory 또는 WriteProcessMemory의 일부 작업만을 마쳤습니다. (0x12B)
[1214/165224.081:ERROR:process_memory_win.cc(73)] ReadMemory at 0x1971c710cd0 of 132 bytes failed: ReadProcessMemory 또는 WriteProcessMemory의 일부 작업만을 마쳤습니다. (0x12B)
[1214/165224.081:ERROR:process_memory_win.cc(73)] ReadMemory at 0x1971c710e00 of 132 bytes failed: ReadProcessMemory 또는 WriteProcessMemory의 일부 작업만을 마쳤습니다. (0x12B)
[1214/165224.081:ERROR:process_memory_win.cc(73)] ReadMemory at 0x1971c711060 of 132 bytes failed: ReadProcessMemory 또는 WriteProcessMemory의 일부 작업만을 마쳤습니다. (0x12B)
[1214/165224.081:ERROR:process_memory_win.cc(73)] ReadMemory at 0x1971c711520 of 132 bytes failed: ReadProcessMemory 또는 WriteProcessMemory의 일부 작업만을 마쳤습니다. (0x12B)
[1214/165224.081:ERROR:process_memory_win.cc(73)] ReadMemory at 0x1971c711780 of 132 bytes failed: ReadProcessMemory 또는 WriteProcessMemory의 일부 작업만을 마쳤습니다. (0x12B)
[1214/165224.081:ERROR:process_memory_win.cc(73)] ReadMemory at 0x1971c715d10 of 512 bytes failed: ReadProcessMemory 또는 WriteProcessMemory의 일부 작업만을 마쳤습니다. (0x12B)
[1214/165224.081:ERROR:process_memory_win.cc(73)] ReadMemory at 0x1971c7246b0 of 512 bytes failed: ReadProcessMemory 또는 WriteProcessMemory의 일부 작업만을 마쳤습니다. (0x12B)
[1214/165224.081:ERROR:process_memory_win.cc(73)] ReadMemory at 0x1971caedd70 of 896 bytes failed: ReadProcessMemory 또는 WriteProcessMemory의 일부 작업만을 마쳤습니다. (0x12B)
[1214/165224.081:ERROR:process_memory_win.cc(73)] ReadMemory at 0x1971cafe410 of 512 bytes failed: ReadProcessMemory 또는 WriteProcessMemory의 일부 작업만을 마쳤습니다. (0x12B)
[1214/165224.081:ERROR:process_memory_win.cc(73)] ReadMemory at 0x1971cb01170 of 512 bytes failed: ReadProcessMemory 또는 WriteProcessMemory의 일부 작업만을 마쳤습니다. (0x12B)
[1214/165224.081:ERROR:process_memory_win.cc(73)] ReadMemory at 0x1971cb01db0 of 512 bytes failed: ReadProcessMemory 또는 WriteProcessMemory의 일부 작업만을 마쳤습니다. (0x12B)
[1214/165224.081:ERROR:process_memory_win.cc(73)] ReadMemory at 0x1971cb22ac0 of 712 bytes failed: ReadProcessMemory 또는 WriteProcessMemory의 일부 작업만을 마쳤습니다. (0x12B)
[1214/165224.082:ERROR:process_memory_win.cc(73)] ReadMemory at 0x1971cb23ed0 of 512 bytes failed: ReadProcessMemory 또는 WriteProcessMemory의 일부 작업만을 마쳤습니다. (0x12B)
[1214/165224.082:ERROR:process_memory_win.cc(73)] ReadMemory at 0x1971cb994d0 of 512 bytes failed: ReadProcessMemory 또는 WriteProcessMemory의 일부 작업만을 마쳤습니다. (0x12B)
[1214/165224.082:ERROR:process_memory_win.cc(73)] ReadMemory at 0x1971e9afa80 of 512 bytes failed: ReadProcessMemory 또는 WriteProcessMemory의 일부 작업만을 마쳤습니다. (0x12B)
[1214/165224.082:ERROR:process_memory_win.cc(73)] ReadMemory at 0x1971e9ce040 of 544 bytes failed: ReadProcessMemory 또는 WriteProcessMemory의 일부 작업만을 마쳤습니다. (0x12B)
[1214/165224.082:ERROR:process_memory_win.cc(73)] ReadMemory at 0x1971e9cfc68 of 512 bytes failed: ReadProcessMemory 또는 WriteProcessMemory의 일부 작업만을 마쳤습니다. (0x12B)
[1214/165224.082:ERROR:process_memory_win.cc(73)] ReadMemory at 0x1971e9d1528 of 512 bytes failed: ReadProcessMemory 또는 WriteProcessMemory의 일부 작업만을 마쳤습니다. (0x12B)
[1214/165224.082:ERROR:process_memory_win.cc(73)] ReadMemory at 0x1971e9fc810 of 512 bytes failed: ReadProcessMemory 또는 WriteProcessMemory의 일부 작업만을 마쳤습니다. (0x12B)
[1214/165224.082:ERROR:process_memory_win.cc(73)] ReadMemory at 0x1971ea99360 of 800 bytes failed: ReadProcessMemory 또는 WriteProcessMemory의 일부 작업만을 마쳤습니다. (0x12B)
[1214/165224.082:ERROR:process_memory_win.cc(73)] ReadMemory at 0x1971ea99780 of 512 bytes failed: ReadProcessMemory 또는 WriteProcessMemory의 일부 작업만을 마쳤습니다. (0x12B)
[1214/165224.082:ERROR:process_memory_win.cc(73)] ReadMemory at 0x1971eabfd70 of 512 bytes failed: ReadProcessMemory 또는 WriteProcessMemory의 일부 작업만을 마쳤습니다. (0x12B)
[1214/165224.082:ERROR:process_memory_win.cc(73)] ReadMemory at 0x19725836df0 of 512 bytes failed: ReadProcessMemory 또는 WriteProcessMemory의 일부 작업만을 마쳤습니다. (0x12B)
[1214/165224.082:ERROR:process_memory_win.cc(73)] ReadMemory at 0x19725a80db8 of 512 bytes failed: ReadProcessMemory 또는 WriteProcessMemory의 일부 작업만을 마쳤습니다. (0x12B)
[1214/165224.082:ERROR:process_memory_win.cc(73)] ReadMemory at 0x19725a81b88 of 512 bytes failed: ReadProcessMemory 또는 WriteProcessMemory의 일부 작업만을 마쳤습니다. (0x12B)
[1214/165224.082:ERROR:process_memory_win.cc(73)] ReadMemory at 0x19725b01898 of 512 bytes failed: ReadProcessMemory 또는 WriteProcessMemory의 일부 작업만을 마쳤습니다. (0x12B)
[1214/165224.083:ERROR:process_memory_win.cc(73)] ReadMemory at 0x19727f1cef0 of 512 bytes failed: ReadProcessMemory 또는 WriteProcessMemory의 일부 작업만을 마쳤습니다. (0x12B)
[1214/165224.083:ERROR:process_memory_win.cc(73)] ReadMemory at 0x19728013eb0 of 512 bytes failed: ReadProcessMemory 또는 WriteProcessMemory의 일부 작업만을 마쳤습니다. (0x12B)
[1214/165224.083:ERROR:process_memory_win.cc(73)] ReadMemory at 0x19728650a00 of 512 bytes failed: ReadProcessMemory 또는 WriteProcessMemory의 일부 작업만을 마쳤습니다. (0x12B)
[1214/165224.083:ERROR:process_memory_win.cc(73)] ReadMemory at 0x19728d29980 of 512 bytes failed: ReadProcessMemory 또는 WriteProcessMemory의 일부 작업만을 마쳤습니다. (0x12B)
[1214/165224.083:ERROR:process_memory_win.cc(73)] ReadMemory at 0x1972a253780 of 688 bytes failed: ReadProcessMemory 또는 WriteProcessMemory의 일부 작업만을 마쳤습니다. (0x12B)
[1214/165224.083:ERROR:process_memory_win.cc(73)] ReadMemory at 0x1972a259430 of 512 bytes failed: ReadProcessMemory 또는 WriteProcessMemory의 일부 작업만을 마쳤습니다. (0x12B)
[1214/165224.083:ERROR:process_memory_win.cc(73)] ReadMemory at 0x1972a259890 of 512 bytes failed: ReadProcessMemory 또는 WriteProcessMemory의 일부 작업만을 마쳤습니다. (0x12B)
[1214/165224.083:ERROR:process_memory_win.cc(73)] ReadMemory at 0x1972a6d0110 of 512 bytes failed: ReadProcessMemory 또는 WriteProcessMemory의 일부 작업만을 마쳤습니다. (0x12B)
[1214/165224.083:ERROR:process_memory_win.cc(73)] ReadMemory at 0x77d62985208 of 512 bytes failed: ReadProcessMemory 또는 WriteProcessMemory의 일부 작업만을 마쳤습니다. (0x12B)
[1214/165224.083:ERROR:process_memory_win.cc(73)] ReadMemory at 0x1b3aec776121 of 512 bytes failed: ReadProcessMemory 또는 WriteProcessMemory의 일부 작업만을 마쳤습니다. (0x12B)
[1214/165224.083:ERROR:process_memory_win.cc(73)] ReadMemory at 0x2a11f67cedd1 of 512 bytes failed: ReadProcessMemory 또는 WriteProcessMemory의 일부 작업만을 마쳤습니다. (0x12B)
[1214/165224.083:ERROR:process_memory_win.cc(73)] ReadMemory at 0x332391ab6d60 of 688 bytes failed: ReadProcessMemory 또는 WriteProcessMemory의 일부 작업만을 마쳤습니다. (0x12B)
[1214/165224.083:ERROR:process_memory_win.cc(73)] ReadMemory at 0x4498c391c1f1 of 512 bytes failed: ReadProcessMemory 또는 WriteProcessMemory의 일부 작업만을 마쳤습니다. (0x12B)
[1214/165224.084:ERROR:process_memory_win.cc(73)] ReadMemory at 0x62043094a901 of 512 bytes failed: ReadProcessMemory 또는 WriteProcessMemory의 일부 작업만을 마쳤습니다. (0x12B)
[1214/165224.084:ERROR:process_memory_win.cc(73)] ReadMemory at 0x62043094b458 of 520 bytes failed: ReadProcessMemory 또는 WriteProcessMemory의 일부 작업만을 마쳤습니다. (0x12B)
[1214/165224.084:ERROR:process_memory_win.cc(73)] ReadMemory at 0x63c2b02f9f70 of 512 bytes failed: ReadProcessMemory 또는 WriteProcessMemory의 일부 작업만을 마쳤습니다. (0x12B)
[1214/165224.084:ERROR:process_memory_win.cc(73)] ReadMemory at 0x63c2b092ce48 of 512 bytes failed: ReadProcessMemory 또는 WriteProcessMemory의 일부 작업만을 마쳤습니다. (0x12B)
[1214/165224.084:ERROR:process_memory_win.cc(73)] ReadMemory at 0x63c2b09e3f80 of 512 bytes failed: ReadProcessMemory 또는 WriteProcessMemory의 일부 작업만을 마쳤습니다. (0x12B)
[1214/165224.084:ERROR:process_memory_win.cc(73)] ReadMemory at 0x63c2b0de1780 of 512 bytes failed: ReadProcessMemory 또는 WriteProcessMemory의 일부 작업만을 마쳤습니다. (0x12B)
[1214/165224.084:ERROR:process_memory_win.cc(73)] ReadMemory at 0x709775e57d48 of 512 bytes failed: ReadProcessMemory 또는 WriteProcessMemory의 일부 작업만을 마쳤습니다. (0x12B)
[1214/165224.084:ERROR:process_memory_win.cc(73)] ReadMemory at 0x7ffdb7360994 of 512 bytes failed: ReadProcessMemory 또는 WriteProcessMemory의 일부 작업만을 마쳤습니다. (0x12B)
[1214/165224.084:ERROR:process_memory_win.cc(73)] ReadMemory at 0x7ffdb763e271 of 512 bytes failed: ReadProcessMemory 또는 WriteProcessMemory의 일부 작업만을 마쳤습니다. (0x12B)
[1214/165224.084:ERROR:process_memory_win.cc(73)] ReadMemory at 0x7ffdb773cba0 of 512 bytes failed: ReadProcessMemory 또는 WriteProcessMemory의 일부 작업만을 마쳤습니다. (0x12B)
[1214/165224.084:ERROR:process_memory_win.cc(73)] ReadMemory at 0x7ffdb8d4ee1c of 512 bytes failed: ReadProcessMemory 또는 WriteProcessMemory의 일부 작업만을 마쳤습니다. (0x12B)
[1214/165224.084:ERROR:process_memory_win.cc(73)] ReadMemory at 0x7ffdb9dd16e5 of 512 bytes failed: ReadProcessMemory 또는 WriteProcessMemory의 일부 작업만을 마쳤습니다. (0x12B)
[1214/165224.084:ERROR:process_memory_win.cc(73)] ReadMemory at 0x7ffdbacad710 of 512 bytes failed: ReadProcessMemory 또는 WriteProcessMemory의 일부 작업만을 마쳤습니다. (0x12B)
[1214/165224.084:ERROR:process_memory_win.cc(73)] ReadMemory at 0x7ffdbb71b970 of 512 bytes failed: ReadProcessMemory 또는 WriteProcessMemory의 일부 작업만을 마쳤습니다. (0x12B)
[1214/165224.085:ERROR:process_memory_win.cc(73)] ReadMemory at 0x7ffdfb89a7b9 of 512 bytes failed: ReadProcessMemory 또는 WriteProcessMemory의 일부 작업만을 마쳤습니다. (0x12B)
[1214/165224.085:ERROR:process_memory_win.cc(73)] ReadMemory at 0x7ffdfbacb6d0 of 512 bytes failed: ReadProcessMemory 또는 WriteProcessMemory의 일부 작업만을 마쳤습니다. (0x12B)
[1214/165224.085:ERROR:process_memory_win.cc(73)] ReadMemory at 0x7ffdfe91c0c4 of 672 bytes failed: ReadProcessMemory 또는 WriteProcessMemory의 일부 작업만을 마쳤습니다. (0x12B)
[1214/165224.085:ERROR:process_memory_win.cc(73)] ReadMemory at 0x7ffdfe91c6c4 of 512 bytes failed: ReadProcessMemory 또는 WriteProcessMemory의 일부 작업만을 마쳤습니다. (0x12B)
[1214/165224.085:ERROR:process_memory_win.cc(73)] ReadMemory at 0x7ffdfe91f974 of 608 bytes failed: ReadProcessMemory 또는 WriteProcessMemory의 일부 작업만을 마쳤습니다. (0x12B)
[1214/165224.085:ERROR:process_memory_win.cc(73)] ReadMemory at 0x7ffdfe9ac428 of 18 bytes failed: ReadProcessMemory 또는 WriteProcessMemory의 일부 작업만을 마쳤습니다. (0x12B)
[1214/165224.085:ERROR:process_memory_win.cc(73)] ReadMemory at 0x7ffdfe9df4f8 of 40 bytes failed: ReadProcessMemory 또는 WriteProcessMemory의 일부 작업만을 마쳤습니다. (0x12B)
[1214/165224.085:ERROR:process_memory_win.cc(73)] ReadMemory at 0x7ffdfe9df978 of 48 bytes failed: ReadProcessMemory 또는 WriteProcessMemory의 일부 작업만을 마쳤습니다. (0x12B)
[1214/165224.085:ERROR:process_memory_win.cc(73)] ReadMemory at 0x7ffdfe9e53c0 of 64 bytes failed: ReadProcessMemory 또는 WriteProcessMemory의 일부 작업만을 마쳤습니다. (0x12B)
[1214/165224.087:ERROR:scoped_process_suspend.cc(40)] NtResumeProcess: 기존 프로세스에 액세스하려고 했습니다. (0xc000010a)
